<?xml version="1.0" encoding="UTF-8"?>
<testng-results skipped="0" failed="0" ignored="0" total="2" passed="2">
  <reporter-output>
  </reporter-output>
  <suite name="Suite" duration-ms="96352" started-at="2020-04-29T06:17:43Z" finished-at="2020-04-29T06:19:20Z">
    <groups>
    </groups>
    <test name="Test" duration-ms="96352" started-at="2020-04-29T06:17:43Z" finished-at="2020-04-29T06:19:20Z">
      <class name="com.tm.TestCases.TestCases_Leave">
        <test-method status="PASS" signature="setupReport()[pri:0, instance:com.tm.TestCases.TestCases_Leave@1d057a39]" name="setupReport" is-config="true" duration-ms="1060" started-at="2020-04-29T06:17:42Z" finished-at="2020-04-29T06:17:43Z">
          <reporter-output>
          </reporter-output>
        </test-method> <!-- setupReport -->
        <test-method status="PASS" signature="launchBrowser(java.lang.reflect.Method)[pri:0, instance:com.tm.TestCases.TestCases_Leave@1d057a39]" name="launchBrowser" is-config="true" duration-ms="22088" started-at="2020-04-29T06:17:44Z" finished-at="2020-04-29T06:18:06Z">
          <params>
            <param index="0">
              <value>
                <![CDATA[public void com.tm.TestCases.TestCases_Leave.TC102_ApplyLeave()]]>
              </value>
            </param>
          </params>
          <reporter-output>
          </reporter-output>
        </test-method> <!-- launchBrowser -->
        <test-method status="PASS" signature="TC102_ApplyLeave()[pri:0, instance:com.tm.TestCases.TestCases_Leave@1d057a39]" name="TC102_ApplyLeave" duration-ms="33531" started-at="2020-04-29T06:18:06Z" finished-at="2020-04-29T06:18:39Z">
          <reporter-output>
          </reporter-output>
        </test-method> <!-- TC102_ApplyLeave -->
        <test-method status="PASS" signature="closeBrowser()[pri:0, instance:com.tm.TestCases.TestCases_Leave@1d057a39]" name="closeBrowser" is-config="true" duration-ms="7661" started-at="2020-04-29T06:18:39Z" finished-at="2020-04-29T06:18:47Z">
          <reporter-output>
          </reporter-output>
        </test-method> <!-- closeBrowser -->
        <test-method status="PASS" signature="launchBrowser(java.lang.reflect.Method)[pri:0, instance:com.tm.TestCases.TestCases_Leave@1d057a39]" name="launchBrowser" is-config="true" duration-ms="15641" started-at="2020-04-29T06:18:47Z" finished-at="2020-04-29T06:19:02Z">
          <params>
            <param index="0">
              <value>
                <![CDATA[public void com.tm.TestCases.TestCases_Leave.TC101_verifyLoginFunctionality()]]>
              </value>
            </param>
          </params>
          <reporter-output>
          </reporter-output>
        </test-method> <!-- launchBrowser -->
        <test-method status="PASS" signature="TC101_verifyLoginFunctionality()[pri:0, instance:com.tm.TestCases.TestCases_Leave@1d057a39]" name="TC101_verifyLoginFunctionality" duration-ms="15708" started-at="2020-04-29T06:19:02Z" finished-at="2020-04-29T06:19:18Z">
          <reporter-output>
          </reporter-output>
        </test-method> <!-- TC101_verifyLoginFunctionality -->
        <test-method status="PASS" signature="closeBrowser()[pri:0, instance:com.tm.TestCases.TestCases_Leave@1d057a39]" name="closeBrowser" is-config="true" duration-ms="1553" started-at="2020-04-29T06:19:18Z" finished-at="2020-04-29T06:19:20Z">
          <reporter-output>
          </reporter-output>
        </test-method> <!-- closeBrowser -->
        <test-method status="PASS" signature="toEnd()[pri:0, instance:com.tm.TestCases.TestCases_Leave@1d057a39]" name="toEnd" is-config="true" duration-ms="16860" started-at="2020-04-29T06:19:20Z" finished-at="2020-04-29T06:19:37Z">
          <reporter-output>
          </reporter-output>
        </test-method> <!-- toEnd -->
      </class> <!-- com.tm.TestCases.TestCases_Leave -->
    </test> <!-- Test -->
  </suite> <!-- Suite -->
</testng-results>
